*DISPLACEMENTS
1 0.0 0.0
2 1.614996948883489e-07 0.0
3 4.662295158786905e-07 0.0
4 7.709593371705616e-07 0.0
5 0.0 0.0
6 1.907224502232771e-06 -1.0903103086415397e-06
7 1.7849257261254341e-06 -2.0285420049847788e-06
8 2.5950859828779955e-06 -8.101602567922653e-07
9 3.825968430744158e-06 -5.276003294579747e-06

*REACTION_FORCES
1 FX = -1429.0975706779327
1 FY = -1429.0975706779327
2 FY = 708.7038742472259
3 FY = 10037.242981844627
4 FY = 4008.6797964622983
5 FX = -5957.087252064572
5 FY = 5957.087252064572

*ELEMENT_STRAINS
1 5.383323162944963e-08
2 1.0157660699678052e-07
3 1.0157660709729038e-07
4 -2.569864457235205e-07
5 1.3615236559853861e-07
6 -3.6343676954717985e-07
7 -6.751932895794896e-08
8 -6.761806683282595e-07
9 -5.070847323232753e-07
10 -2.700534189307551e-07
11 -5.675410399450435e-07
12 -4.0766258702445646e-08
13 2.7005341891752046e-07
14 -3.7782484290447027e-07
15 -1.082487096531656e-06
16 -9.494542476089409e-07

*ELEMENT_STRESSES
1 11304.978642184422
2 21331.08746932391
3 21331.08749043098
4 -53967.1536019393
5 28591.996775693107
6 -76321.72160490777
7 -14179.05908116928
8 -141997.9403489345
9 -106487.79378788781
10 -56711.21797545857
11 -119183.61838845914
12 -8560.914327513585
13 56711.2179726793
14 -79343.21700993876
15 -227322.29027164774
16 -199385.3919978776
