*DISPLACEMENTS
1 0.0 0.0
2 4.06331966822282e-06 0.0
3 4.824933453427443e-06 0.0
4 5.5865472473625764e-06 0.0
5 0.0 0.0
6 1.836303132671559e-05 -7.346006601997583e-06
7 1.724342947641186e-05 -3.841475330726292e-06
8 2.1231452021756187e-05 -8.084957564676834e-06
9 2.5219474582643295e-05 -1.717597399241277e-05
10 3.873508176098956e-05 -1.3534320008783882e-05
11 3.996231799691704e-05 -1.616991513285254e-05
12 4.971981938665449e-05 -2.8626597063117317e-05
13 6.135133170130411e-05 -2.543798108628066e-05
14 6.812381847379088e-05 -3.709220552872578e-05

*REACTION_FORCES
1 FX = -9202.188977904774
1 FY = -9202.188977904774
2 FY = -7800.280148630496
3 FY = 9075.485468840865
4 FY = 12945.311340929611
5 FX = -13198.217871894087
5 FY = 40578.238557075165

*ELEMENT_STRAINS
1 2.03165983411141e-06
2 3.808068926023114e-07
3 3.8080689696756684e-07
4 -2.7932736236812882e-06
5 -5.598009251518645e-07
6 1.994011272672164e-06
7 1.994011280443554e-06
8 6.136181179637404e-07
9 4.8787506948687245e-06
10 3.3862433862433876e-06
11 -3.6730033009987915e-06
12 -1.920737665363146e-06
13 -4.846422339028795e-06
14 -4.042478782338417e-06
15 -4.042478784087853e-06
16 -4.63403297671406e-06
17 -8.587986996206384e-06
18 -5.725311535352274e-06
19 -4.232804232804233e-06
20 2.754256181179501e-06
21 3.545934256871918e-06
22 2.6781472157044414e-06
23 2.3346586193656868e-06
24 2.5976121795947325e-06
25 6.142383357169876e-07
26 -3.874589389943893e-06
27 -3.4341961386783784e-06
28 -2.1107240844532377e-06

*ELEMENT_STRESSES
1 426648.5651633961
2 79969.4474464854
3 79969.44836318903
4 -586587.4609730706
5 -117558.19428189156
6 418742.3672611544
7 418742.36889314634
8 128859.8047723855
9 1024537.6459224322
10 711111.1111111114
11 -771330.6932097463
12 -403354.9097262607
13 -1017748.6911960469
14 -848920.5442910675
15 -848920.5446584492
16 -973146.9251099526
17 -1803477.2692033406
18 -1202315.4224239776
19 -888888.8888888889
20 578393.7980476952
21 744646.1939431027
22 562410.9152979327
23 490278.3100667942
24 545498.5577148938
25 128990.05050056739
26 -813663.7718882177
27 -721181.1891224595
28 -443252.0577351799
